<?xml version="1.0" encoding="UTF-8"?>
<!-- Generated by org.testng.reporters.JUnitXMLReporter -->
<testsuite hostname="vdi-znkz-001" ignored="1" name="ExecutingTestBySuite_self" tests="2" failures="0" timestamp="2022-09-21T19:21:52 CST" time="28.473" errors="0">
  <testcase name="validLoginServerCNTest" time="5.167" classname="testcase.LoginCase"/>
  <testcase name="invalidLoginServerCNTest" time="10.535" classname="testcase.LoginCase"/>
  <testcase name="normalElementSelector" time="0.0" classname="testcase.LoginCase">
    <ignored/>
  </testcase> <!-- normalElementSelector -->
</testsuite> <!-- ExecutingTestBySuite_self -->
