<?xml version="1.0" encoding="UTF-8"?>
<testsuite xmlns:xsi="http://www.w3.org/2001/XMLSchema-instance" xsi:noNamespaceSchemaLocation="https://maven.apache.org/surefire/maven-surefire-plugin/xsd/surefire-test-report-3.0.xsd" version="3.0" name="TestSuite" time="30.249" tests="2" errors="0" skipped="0" failures="0">
  <properties>
[...]
</properties>
  <testcase name="validLoginServerCNTest" classname="testcase.LoginCase" time="5.106">
    <system-err><![CDATA[1663759284539	geckodriver	INFO	Listening on 127.0.0.1:40402
1663759285300	mozrunner::runner	INFO	Running command: "C:\\Program Files\\Mozilla Firefox\\firefox.exe" "--marionette" "-no-remote" "-profile" "C:\\Users\\GRT-LI~1\\AppData\\Local\\Temp\\rust_mozprofile9qj6um"
1663759288331	Marionette	INFO	Marionette enabled
1663759288343	Marionette	INFO	Listening on port 64477
Read port: 64477
Read port: 64477
Read port: 64477
1663759291217	RemoteAgent	WARN	TLS certificate errors will be ignored for this session
console.warn: SearchSettings: "get: No settings file exists, new profile?" (new NotFoundError("Could not open the file at C:\\Users\\GRT-LI~1\\AppData\\Local\\Temp\\rust_mozprofile9qj6um\\search.json.mozlz4", (void 0)))
九月 21, 2022 7:21:32 下午 org.openqa.selenium.remote.ProtocolHandshake createSession
信息: Detected dialect: W3C
JavaScript warning: https://server-cn.growatt.com/v3/js/login/bodymovin.js, line 2122: unreachable code after return statement
1663759296804	Marionette	WARN	TimedPromise timed out after 500 ms: stacktrace:
TimedPromise/<@chrome://remote/content/marionette/sync.js:236:24
TimedPromise@chrome://remote/content/marionette/sync.js:221:10
interaction.flushEventLoop@chrome://remote/content/marionette/interaction.js:431:10
webdriverClickElement@chrome://remote/content/marionette/interaction.js:179:31
console.warn: LoginRecipes: "Falling back to a synchronous message for: https://server-cn.growatt.com."
]]></system-err>
  </testcase>
  <testcase name="invalidLoginServerCNTest" classname="testcase.LoginCase" time="10.526">
    <system-err><![CDATA[JavaScript warning: https://dlswbr.baidu.com/heicha/mw/abclite-2063-s.js?_t=1663759298760, line 1: WEBGL_debug_renderer_info is deprecated in Firefox and will be removed. Please use RENDERER.
]]></system-err>
  </testcase>
</testsuite>